<?xml version="1.0" encoding="UTF-8"?>
<testsuite name="com.adventure.MT2" tests="1" skipped="0" failures="0" errors="0" timestamp="2022-11-09T03:07:51" hostname="DESKTOP-K1S8I4E" time="0.152">
  <properties/>
  <testcase name="canOpenDoor()" classname="com.adventure.MT2" time="0.152"/>
  <system-out><![CDATA[]]></system-out>
  <system-err><![CDATA[]]></system-err>
</testsuite>
