<?xml version="1.0" encoding="UTF-8"?>
<testsuite name="com.adventure.MT3" tests="10" skipped="0" failures="0" errors="0" timestamp="2022-11-09T03:58:19" hostname="DESKTOP-K1S8I4E" time="1.889">
  <properties/>
  <testcase name="testPlayerMovementInvalid()" classname="com.adventure.MT3" time="0.098"/>
  <testcase name="testPlayerMovementEast()" classname="com.adventure.MT3" time="0.002"/>
  <testcase name="testPlayerMovementWest()" classname="com.adventure.MT3" time="0.002"/>
  <testcase name="testInvalidMoveInput()" classname="com.adventure.MT3" time="1.722"/>
  <testcase name="testPrompt2()" classname="com.adventure.MT3" time="0.006"/>
  <testcase name="checkMoveInputEast()" classname="com.adventure.MT3" time="0.008"/>
  <testcase name="checkMoveInputWest()" classname="com.adventure.MT3" time="0.005"/>
  <testcase name="testUseInput()" classname="com.adventure.MT3" time="0.025"/>
  <testcase name="checkSimpleInput()" classname="com.adventure.MT3" time="0.004"/>
  <testcase name="testPrompt()" classname="com.adventure.MT3" time="0.004"/>
  <system-out><![CDATA[]]></system-out>
  <system-err><![CDATA[]]></system-err>
</testsuite>
