<?xml version="1.0" encoding="UTF-8"?>
<testsuite name="com.adventure.MT6" tests="3" skipped="0" failures="0" errors="0" timestamp="2022-11-11T04:50:04" hostname="DESKTOP-K1S8I4E" time="1.509">
  <properties/>
  <testcase name="testCommandHelp()" classname="com.adventure.MT6" time="1.494"/>
  <testcase name="testCommandMove()" classname="com.adventure.MT6" time="0.01"/>
  <testcase name="testCommandUse()" classname="com.adventure.MT6" time="0.003"/>
  <system-out><![CDATA[]]></system-out>
  <system-err><![CDATA[]]></system-err>
</testsuite>
