<?xml version="1.0" encoding="UTF-8"?>
<testsuite name="com.adventure.MT8" tests="5" skipped="0" failures="0" errors="0" timestamp="2022-11-11T10:11:57" hostname="DESKTOP-K1S8I4E" time="1.627">
  <properties/>
  <testcase name="testPrintItemsCommand()" classname="com.adventure.MT8" time="1.524"/>
  <testcase name="testBackpackAddRemoveItem()" classname="com.adventure.MT8" time="0.011"/>
  <testcase name="testBackpackLimit()" classname="com.adventure.MT8" time="0.075"/>
  <testcase name="testBackpackViaPlayer()" classname="com.adventure.MT8" time="0.011"/>
  <testcase name="testPrintBackpack()" classname="com.adventure.MT8" time="0.001"/>
  <system-out><![CDATA[]]></system-out>
  <system-err><![CDATA[]]></system-err>
</testsuite>
