<?xml version="1.0" encoding="UTF-8"?>
<testsuite name="com.adventure.MT5" tests="2" skipped="0" failures="0" errors="0" timestamp="2022-11-10T00:14:09" hostname="DESKTOP-K1S8I4E" time="0.094">
  <properties/>
  <testcase name="testScene()" classname="com.adventure.MT5" time="0.084"/>
  <testcase name="testHole()" classname="com.adventure.MT5" time="0.008"/>
  <system-out><![CDATA[Door is now open
]]></system-out>
  <system-err><![CDATA[]]></system-err>
</testsuite>
