<?xml version="1.0" encoding="UTF-8"?>
<testsuite name="com.adventure.MT9" tests="1" skipped="0" failures="0" errors="0" timestamp="2022-11-11T18:54:55" hostname="DESKTOP-K1S8I4E" time="0.136">
  <properties/>
  <testcase name="testOmniDoorKey()" classname="com.adventure.MT9" time="0.136"/>
  <system-out><![CDATA[OmniKey configured to omnidoor.
The door is unlocked!
]]></system-out>
  <system-err><![CDATA[]]></system-err>
</testsuite>
